  pch.cpp
  C8.cpp
C:\Users\aquintana\source\repos\PRIMER_PROYECTO_C++\PRIMER_PROYECTO_C++\C8.cpp(43): error C4996: 'fopen': This function or variable may be unsafe. Consider using fopen_s instead. To disable deprecation, use _CRT_SECURE_NO_WARNINGS. See online help for details.
  C:\Program Files (x86)\Windows Kits\10\Include\10.0.17763.0\ucrt\stdio.h(208): note: vea la declaración de 'fopen'
C:\Users\aquintana\source\repos\PRIMER_PROYECTO_C++\PRIMER_PROYECTO_C++\C8.cpp(138): warning C4244: '=': conversión de 'unsigned short' a 'unsigned char'; posible pérdida de datos
C:\Users\aquintana\source\repos\PRIMER_PROYECTO_C++\PRIMER_PROYECTO_C++\C8.cpp(164): warning C4244: '=': conversión de 'unsigned short' a 'unsigned char'; posible pérdida de datos
C:\Users\aquintana\source\repos\PRIMER_PROYECTO_C++\PRIMER_PROYECTO_C++\C8.cpp(243): warning C4554: "|": compruebe la prioridad de operador para posibles errores; utilice paréntesis para indicar la prioridad
C:\Users\aquintana\source\repos\PRIMER_PROYECTO_C++\PRIMER_PROYECTO_C++\C8.cpp(312): warning C4244: '=': conversión de 'unsigned short' a 'unsigned char'; posible pérdida de datos
C:\Users\aquintana\source\repos\PRIMER_PROYECTO_C++\PRIMER_PROYECTO_C++\C8.cpp(369): warning C4244: '=': conversión de 'unsigned short' a 'unsigned char'; posible pérdida de datos
C:\Users\aquintana\source\repos\PRIMER_PROYECTO_C++\PRIMER_PROYECTO_C++\C8.cpp(393): error C2664: 'int MessageBoxW(HWND,LPCWSTR,LPCWSTR,UINT)': el argumento 2 no puede convertirse de 'const char [2]' a 'LPCWSTR'
  C:\Users\aquintana\source\repos\PRIMER_PROYECTO_C++\PRIMER_PROYECTO_C++\C8.cpp(393): note: Los tipos señalados no están relacionados; la conversión requiere reinterpret_cast, conversión de estilo de C o conversión de estilo de función
C:\Users\aquintana\source\repos\PRIMER_PROYECTO_C++\PRIMER_PROYECTO_C++\C8.cpp(398): error C2664: 'int MessageBoxW(HWND,LPCWSTR,LPCWSTR,UINT)': el argumento 2 no puede convertirse de 'const char [2]' a 'LPCWSTR'
  C:\Users\aquintana\source\repos\PRIMER_PROYECTO_C++\PRIMER_PROYECTO_C++\C8.cpp(398): note: Los tipos señalados no están relacionados; la conversión requiere reinterpret_cast, conversión de estilo de C o conversión de estilo de función
C:\Users\aquintana\source\repos\PRIMER_PROYECTO_C++\PRIMER_PROYECTO_C++\C8.cpp(403): error C2664: 'int MessageBoxW(HWND,LPCWSTR,LPCWSTR,UINT)': el argumento 2 no puede convertirse de 'const char [2]' a 'LPCWSTR'
  C:\Users\aquintana\source\repos\PRIMER_PROYECTO_C++\PRIMER_PROYECTO_C++\C8.cpp(403): note: Los tipos señalados no están relacionados; la conversión requiere reinterpret_cast, conversión de estilo de C o conversión de estilo de función
C:\Users\aquintana\source\repos\PRIMER_PROYECTO_C++\PRIMER_PROYECTO_C++\C8.cpp(408): error C2664: 'int MessageBoxW(HWND,LPCWSTR,LPCWSTR,UINT)': el argumento 2 no puede convertirse de 'const char [2]' a 'LPCWSTR'
  C:\Users\aquintana\source\repos\PRIMER_PROYECTO_C++\PRIMER_PROYECTO_C++\C8.cpp(408): note: Los tipos señalados no están relacionados; la conversión requiere reinterpret_cast, conversión de estilo de C o conversión de estilo de función
C:\Users\aquintana\source\repos\PRIMER_PROYECTO_C++\PRIMER_PROYECTO_C++\C8.cpp(413): error C2664: 'int MessageBoxW(HWND,LPCWSTR,LPCWSTR,UINT)': el argumento 2 no puede convertirse de 'const char [2]' a 'LPCWSTR'
  C:\Users\aquintana\source\repos\PRIMER_PROYECTO_C++\PRIMER_PROYECTO_C++\C8.cpp(413): note: Los tipos señalados no están relacionados; la conversión requiere reinterpret_cast, conversión de estilo de C o conversión de estilo de función
C:\Users\aquintana\source\repos\PRIMER_PROYECTO_C++\PRIMER_PROYECTO_C++\C8.cpp(417): error C2664: 'int MessageBoxW(HWND,LPCWSTR,LPCWSTR,UINT)': el argumento 2 no puede convertirse de 'const char [2]' a 'LPCWSTR'
  C:\Users\aquintana\source\repos\PRIMER_PROYECTO_C++\PRIMER_PROYECTO_C++\C8.cpp(417): note: Los tipos señalados no están relacionados; la conversión requiere reinterpret_cast, conversión de estilo de C o conversión de estilo de función
C:\Users\aquintana\source\repos\PRIMER_PROYECTO_C++\PRIMER_PROYECTO_C++\C8.cpp(422): error C2664: 'int MessageBoxW(HWND,LPCWSTR,LPCWSTR,UINT)': el argumento 2 no puede convertirse de 'const char [2]' a 'LPCWSTR'
  C:\Users\aquintana\source\repos\PRIMER_PROYECTO_C++\PRIMER_PROYECTO_C++\C8.cpp(422): note: Los tipos señalados no están relacionados; la conversión requiere reinterpret_cast, conversión de estilo de C o conversión de estilo de función
C:\Users\aquintana\source\repos\PRIMER_PROYECTO_C++\PRIMER_PROYECTO_C++\C8.cpp(427): error C2664: 'int MessageBoxW(HWND,LPCWSTR,LPCWSTR,UINT)': el argumento 2 no puede convertirse de 'const char [2]' a 'LPCWSTR'
  C:\Users\aquintana\source\repos\PRIMER_PROYECTO_C++\PRIMER_PROYECTO_C++\C8.cpp(427): note: Los tipos señalados no están relacionados; la conversión requiere reinterpret_cast, conversión de estilo de C o conversión de estilo de función
C:\Users\aquintana\source\repos\PRIMER_PROYECTO_C++\PRIMER_PROYECTO_C++\C8.cpp(432): error C2664: 'int MessageBoxW(HWND,LPCWSTR,LPCWSTR,UINT)': el argumento 2 no puede convertirse de 'const char [2]' a 'LPCWSTR'
  C:\Users\aquintana\source\repos\PRIMER_PROYECTO_C++\PRIMER_PROYECTO_C++\C8.cpp(432): note: Los tipos señalados no están relacionados; la conversión requiere reinterpret_cast, conversión de estilo de C o conversión de estilo de función
C:\Users\aquintana\source\repos\PRIMER_PROYECTO_C++\PRIMER_PROYECTO_C++\C8.cpp(437): error C2664: 'int MessageBoxW(HWND,LPCWSTR,LPCWSTR,UINT)': el argumento 2 no puede convertirse de 'const char [2]' a 'LPCWSTR'
  C:\Users\aquintana\source\repos\PRIMER_PROYECTO_C++\PRIMER_PROYECTO_C++\C8.cpp(437): note: Los tipos señalados no están relacionados; la conversión requiere reinterpret_cast, conversión de estilo de C o conversión de estilo de función
C:\Users\aquintana\source\repos\PRIMER_PROYECTO_C++\PRIMER_PROYECTO_C++\C8.cpp(442): error C2664: 'int MessageBoxW(HWND,LPCWSTR,LPCWSTR,UINT)': el argumento 2 no puede convertirse de 'const char [2]' a 'LPCWSTR'
  C:\Users\aquintana\source\repos\PRIMER_PROYECTO_C++\PRIMER_PROYECTO_C++\C8.cpp(442): note: Los tipos señalados no están relacionados; la conversión requiere reinterpret_cast, conversión de estilo de C o conversión de estilo de función
C:\Users\aquintana\source\repos\PRIMER_PROYECTO_C++\PRIMER_PROYECTO_C++\C8.cpp(447): error C2664: 'int MessageBoxW(HWND,LPCWSTR,LPCWSTR,UINT)': el argumento 2 no puede convertirse de 'const char [2]' a 'LPCWSTR'
  C:\Users\aquintana\source\repos\PRIMER_PROYECTO_C++\PRIMER_PROYECTO_C++\C8.cpp(447): note: Los tipos señalados no están relacionados; la conversión requiere reinterpret_cast, conversión de estilo de C o conversión de estilo de función
C:\Users\aquintana\source\repos\PRIMER_PROYECTO_C++\PRIMER_PROYECTO_C++\C8.cpp(452): error C2664: 'int MessageBoxW(HWND,LPCWSTR,LPCWSTR,UINT)': el argumento 2 no puede convertirse de 'const char [2]' a 'LPCWSTR'
  C:\Users\aquintana\source\repos\PRIMER_PROYECTO_C++\PRIMER_PROYECTO_C++\C8.cpp(452): note: Los tipos señalados no están relacionados; la conversión requiere reinterpret_cast, conversión de estilo de C o conversión de estilo de función
C:\Users\aquintana\source\repos\PRIMER_PROYECTO_C++\PRIMER_PROYECTO_C++\C8.cpp(457): error C2664: 'int MessageBoxW(HWND,LPCWSTR,LPCWSTR,UINT)': el argumento 2 no puede convertirse de 'const char [2]' a 'LPCWSTR'
  C:\Users\aquintana\source\repos\PRIMER_PROYECTO_C++\PRIMER_PROYECTO_C++\C8.cpp(457): note: Los tipos señalados no están relacionados; la conversión requiere reinterpret_cast, conversión de estilo de C o conversión de estilo de función
C:\Users\aquintana\source\repos\PRIMER_PROYECTO_C++\PRIMER_PROYECTO_C++\C8.cpp(462): error C2664: 'int MessageBoxW(HWND,LPCWSTR,LPCWSTR,UINT)': el argumento 2 no puede convertirse de 'const char [2]' a 'LPCWSTR'
  C:\Users\aquintana\source\repos\PRIMER_PROYECTO_C++\PRIMER_PROYECTO_C++\C8.cpp(462): note: Los tipos señalados no están relacionados; la conversión requiere reinterpret_cast, conversión de estilo de C o conversión de estilo de función
C:\Users\aquintana\source\repos\PRIMER_PROYECTO_C++\PRIMER_PROYECTO_C++\C8.cpp(467): error C2664: 'int MessageBoxW(HWND,LPCWSTR,LPCWSTR,UINT)': el argumento 2 no puede convertirse de 'const char [2]' a 'LPCWSTR'
  C:\Users\aquintana\source\repos\PRIMER_PROYECTO_C++\PRIMER_PROYECTO_C++\C8.cpp(467): note: Los tipos señalados no están relacionados; la conversión requiere reinterpret_cast, conversión de estilo de C o conversión de estilo de función
C:\Users\aquintana\source\repos\PRIMER_PROYECTO_C++\PRIMER_PROYECTO_C++\C8.cpp(473): error C2664: 'int MessageBoxW(HWND,LPCWSTR,LPCWSTR,UINT)': el argumento 2 no puede convertirse de 'const char [4]' a 'LPCWSTR'
  C:\Users\aquintana\source\repos\PRIMER_PROYECTO_C++\PRIMER_PROYECTO_C++\C8.cpp(473): note: Los tipos señalados no están relacionados; la conversión requiere reinterpret_cast, conversión de estilo de C o conversión de estilo de función
  PRIMER_PROYECTO_C++.cpp
  Generando código...
